<?xml version="1.0" encoding="UTF-8"?>
<coverage generated="1669765554069" clover="3.2.0">
  <project timestamp="1669765554069" name="All files">
    <metrics statements="26" coveredstatements="13" conditionals="2" coveredconditionals="0" methods="9" coveredmethods="4" elements="37" coveredelements="17" complexity="0" loc="26" ncloc="26" packages="1" files="1" classes="1"/>
    <file name="db.js" path="C:\Users\Kiryl_Bahdanets\Desktop\SASTA_Q4\cloud-sas\src\db.js">
      <metrics statements="26" coveredstatements="13" conditionals="2" coveredconditionals="0" methods="9" coveredmethods="4"/>
      <line num="1" count="1" type="stmt"/>
      <line num="6" count="4" type="stmt"/>
      <line num="7" count="4" type="stmt"/>
      <line num="8" count="4" type="stmt"/>
      <line num="12" count="1" type="stmt"/>
      <line num="13" count="1" type="stmt"/>
      <line num="19" count="0" type="stmt"/>
      <line num="23" count="1" type="stmt"/>
      <line num="27" count="1" type="stmt"/>
      <line num="28" count="1" type="stmt"/>
      <line num="29" count="1" type="stmt"/>
      <line num="30" count="1" type="stmt"/>
      <line num="34" count="3" type="stmt"/>
      <line num="38" count="0" type="stmt"/>
      <line num="39" count="0" type="stmt"/>
      <line num="40" count="0" type="stmt"/>
      <line num="41" count="0" type="stmt"/>
      <line num="42" count="0" type="stmt"/>
      <line num="46" count="0" type="stmt"/>
      <line num="47" count="0" type="stmt"/>
      <line num="48" count="0" type="stmt"/>
      <line num="49" count="0" type="stmt"/>
      <line num="50" count="0" type="stmt"/>
      <line num="51" count="0" type="cond" truecount="0" falsecount="2"/>
      <line num="53" count="0" type="stmt"/>
      <line num="57" count="1" type="stmt"/>
    </file>
  </project>
</coverage>
