{"C:\\Users\\Kiryl_Bahdanets\\Desktop\\SASTA_Q4\\cloud-sas\\src\\db.js": {"path":"C:\\Users\\Kiryl_Bahdanets\\Desktop\\SASTA_Q4\\cloud-sas\\src\\db.js","statementMap":{"0":{"start":{"line":1,"column":17},"end":{"line":1,"column":36}},"1":{"start":{"line":6,"column":8},"end":{"line":6,"column":47}},"2":{"start":{"line":7,"column":8},"end":{"line":7,"column":38}},"3":{"start":{"line":8,"column":8},"end":{"line":8,"column":59}},"4":{"start":{"line":12,"column":28},"end":{"line":12,"column":53}},"5":{"start":{"line":13,"column":8},"end":{"line":15,"column":11}},"6":{"start":{"line":19,"column":8},"end":{"line":19,"column":78}},"7":{"start":{"line":23,"column":34},"end":{"line":26,"column":28}},"8":{"start":{"line":27,"column":29},"end":{"line":27,"column":69}},"9":{"start":{"line":28,"column":31},"end":{"line":28,"column":59}},"10":{"start":{"line":29,"column":32},"end":{"line":29,"column":71}},"11":{"start":{"line":30,"column":8},"end":{"line":30,"column":78}},"12":{"start":{"line":34,"column":8},"end":{"line":34,"column":63}},"13":{"start":{"line":38,"column":29},"end":{"line":38,"column":82}},"14":{"start":{"line":39,"column":25},"end":{"line":39,"column":27}},"15":{"start":{"line":40,"column":36},"end":{"line":40,"column":61}},"16":{"start":{"line":41,"column":8},"end":{"line":41,"column":109}},"17":{"start":{"line":41,"column":56},"end":{"line":41,"column":108}},"18":{"start":{"line":42,"column":8},"end":{"line":42,"column":24}},"19":{"start":{"line":46,"column":29},"end":{"line":46,"column":82}},"20":{"start":{"line":47,"column":25},"end":{"line":47,"column":27}},"21":{"start":{"line":48,"column":36},"end":{"line":48,"column":61}},"22":{"start":{"line":49,"column":8},"end":{"line":52,"column":10}},"23":{"start":{"line":50,"column":38},"end":{"line":50,"column":54}},"24":{"start":{"line":51,"column":12},"end":{"line":51,"column":109}},"25":{"start":{"line":51,"column":69},"end":{"line":51,"column":109}},"26":{"start":{"line":53,"column":8},"end":{"line":53,"column":24}},"27":{"start":{"line":57,"column":0},"end":{"line":57,"column":32}}},"fnMap":{"0":{"name":"(anonymous_0)","decl":{"start":{"line":5,"column":4},"end":{"line":5,"column":5}},"loc":{"start":{"line":5,"column":32},"end":{"line":9,"column":5}},"line":5},"1":{"name":"(anonymous_1)","decl":{"start":{"line":11,"column":4},"end":{"line":11,"column":5}},"loc":{"start":{"line":11,"column":49},"end":{"line":16,"column":5}},"line":11},"2":{"name":"(anonymous_2)","decl":{"start":{"line":18,"column":4},"end":{"line":18,"column":5}},"loc":{"start":{"line":18,"column":47},"end":{"line":20,"column":5}},"line":18},"3":{"name":"(anonymous_3)","decl":{"start":{"line":22,"column":4},"end":{"line":22,"column":5}},"loc":{"start":{"line":22,"column":52},"end":{"line":31,"column":5}},"line":22},"4":{"name":"(anonymous_4)","decl":{"start":{"line":33,"column":4},"end":{"line":33,"column":5}},"loc":{"start":{"line":33,"column":39},"end":{"line":35,"column":5}},"line":33},"5":{"name":"(anonymous_5)","decl":{"start":{"line":37,"column":4},"end":{"line":37,"column":5}},"loc":{"start":{"line":37,"column":40},"end":{"line":43,"column":5}},"line":37},"6":{"name":"(anonymous_6)","decl":{"start":{"line":41,"column":36},"end":{"line":41,"column":37}},"loc":{"start":{"line":41,"column":56},"end":{"line":41,"column":108}},"line":41},"7":{"name":"(anonymous_7)","decl":{"start":{"line":45,"column":4},"end":{"line":45,"column":5}},"loc":{"start":{"line":45,"column":54},"end":{"line":54,"column":5}},"line":45},"8":{"name":"(anonymous_8)","decl":{"start":{"line":49,"column":36},"end":{"line":49,"column":37}},"loc":{"start":{"line":49,"column":44},"end":{"line":52,"column":9}},"line":49}},"branchMap":{"0":{"loc":{"start":{"line":51,"column":12},"end":{"line":51,"column":109}},"type":"if","locations":[{"start":{"line":51,"column":12},"end":{"line":51,"column":109}},{"start":{},"end":{}}],"line":51}},"s":{"0":1,"1":4,"2":4,"3":4,"4":1,"5":1,"6":0,"7":1,"8":1,"9":1,"10":1,"11":1,"12":3,"13":0,"14":0,"15":0,"16":0,"17":0,"18":0,"19":0,"20":0,"21":0,"22":0,"23":0,"24":0,"25":0,"26":0,"27":1},"f":{"0":4,"1":1,"2":0,"3":1,"4":3,"5":0,"6":0,"7":0,"8":0},"b":{"0":[0,0]},"_coverageSchema":"1a1c01bbd47fc00a2c39e90264f33305004495a9","hash":"17a23eea268815df273d85bffa0ba340ce499b37"}
}
